<?xml version="1.0" encoding="UTF-8"?>
<testsuite xmlns:xsi="http://www.w3.org/2001/XMLSchema-instance" xsi:noNamespaceSchemaLocation="https://maven.apache.org/surefire/maven-surefire-plugin/xsd/surefire-test-report-3.0.xsd" version="3.0" name="com.axonactive.training.company.employee.ScheduleTest" time="0.085" tests="2" errors="0" skipped="0" failures="0">
  <properties>
[...]
</properties>
  <testcase name="whenGenerateScheduleWithOddParticipants" classname="com.axonactive.training.company.employee.ScheduleTest" time="0.081">
    <system-out><![CDATA[Match :1, Match 1, 2021-05-25T08:30, 30, Team 1, Team 3, 0, 0
Match :2, Match 2, 2021-05-25T08:30, 30, Null, Team 2, 0, 0
Match :3, Match 3, 2021-05-25T08:30, 30, Team 1, Team 2, 0, 0
Match :4, Match 4, 2021-05-25T08:30, 30, Team 3, Null, 0, 0
Match :5, Match 5, 2021-05-25T08:30, 30, Team 1, Null, 0, 0
Match :6, Match 6, 2021-05-25T08:30, 30, Team 2, Team 3, 0, 0
]]></system-out>
  </testcase>
  <testcase name="whenGenerateScheduleWithEvenParticipants" classname="com.axonactive.training.company.employee.ScheduleTest" time="0.001">
    <system-out><![CDATA[Match :1, Match 1, 2021-05-25T08:30, 30, Team 1, Team 3, 0, 0
Match :2, Match 2, 2021-05-25T08:30, 30, Team 4, Team 2, 0, 0
Match :3, Match 3, 2021-05-25T08:30, 30, Team 1, Team 2, 0, 0
Match :4, Match 4, 2021-05-25T08:30, 30, Team 3, Team 4, 0, 0
Match :5, Match 5, 2021-05-25T08:30, 30, Team 1, Team 4, 0, 0
Match :6, Match 6, 2021-05-25T08:30, 30, Team 2, Team 3, 0, 0
]]></system-out>
  </testcase>
</testsuite>